<?xml version="1.0" encoding="UTF-8"?>
<testng-results total="1" passed="1" failed="0" skipped="0">
  <reporter-output>
  </reporter-output>
  <suite started-at="2022-02-10T16:55:41Z" name="cd_searchFunctionality" finished-at="2022-02-10T16:57:59Z" duration-ms="137786">
    <groups>
    </groups>
    <test started-at="2022-02-10T16:55:41Z" name="searchandfilter" finished-at="2022-02-10T16:57:59Z" duration-ms="137786">
      <class name="cd_testExecution.searchFunctionality">
        <test-method is-config="true" signature="beforeTest()[pri:0, instance:cd_testExecution.searchFunctionality@50dfbc58]" started-at="2022-02-10T22:25:41Z" name="beforeTest" finished-at="2022-02-10T22:25:42Z" duration-ms="536" status="PASS">
          <reporter-output>
          </reporter-output>
        </test-method> <!-- beforeTest -->
        <test-method is-config="true" signature="beforeEachTest(org.testng.ITestContext)[pri:0, instance:cd_testExecution.searchFunctionality@50dfbc58]" started-at="2022-02-10T22:25:42Z" name="beforeEachTest" finished-at="2022-02-10T22:26:32Z" duration-ms="50074" status="PASS">
          <params>
            <param index="0">
              <value>
                <![CDATA[org.testng.TestRunner@54af3cb9]]>
              </value>
            </param>
          </params>
          <reporter-output>
          </reporter-output>
        </test-method> <!-- beforeEachTest -->
        <test-method signature="searchTestCases()[pri:0, instance:cd_testExecution.searchFunctionality@50dfbc58]" started-at="2022-02-10T22:26:32Z" name="searchTestCases" description="Search Test Case 1" finished-at="2022-02-10T22:27:56Z" duration-ms="83708" status="PASS">
          <reporter-output>
          </reporter-output>
        </test-method> <!-- searchTestCases -->
        <test-method is-config="true" signature="afterEachTest()[pri:0, instance:cd_testExecution.searchFunctionality@50dfbc58]" started-at="2022-02-10T22:27:59Z" name="afterEachTest" finished-at="2022-02-10T22:27:59Z" duration-ms="416" status="PASS">
          <reporter-output>
          </reporter-output>
        </test-method> <!-- afterEachTest -->
        <test-method is-config="true" signature="afterTest()[pri:0, instance:cd_testExecution.searchFunctionality@50dfbc58]" started-at="2022-02-10T22:27:59Z" name="afterTest" finished-at="2022-02-10T22:27:59Z" duration-ms="0" status="PASS">
          <reporter-output>
          </reporter-output>
        </test-method> <!-- afterTest -->
      </class> <!-- cd_testExecution.searchFunctionality -->
    </test> <!-- searchandfilter -->
  </suite> <!-- cd_searchFunctionality -->
</testng-results>
